0 info it worked if it ends with ok
1 verbose cli [ '/usr/local/Cellar/node4-lts/4.4.4/bin/node',
1 verbose cli   '/Users/sebastiennicolaidis/.npm-packages/bin/npm',
1 verbose cli   'run',
1 verbose cli   'test' ]
2 info using npm@3.8.1
3 info using node@v4.4.4
4 verbose run-script [ 'pretest', 'test', 'posttest' ]
5 info lifecycle jaws-paris-app@0.0.1~pretest: jaws-paris-app@0.0.1
6 silly lifecycle jaws-paris-app@0.0.1~pretest: no script for pretest, continuing
7 info lifecycle jaws-paris-app@0.0.1~test: jaws-paris-app@0.0.1
8 verbose lifecycle jaws-paris-app@0.0.1~test: unsafe-perm in lifecycle true
9 verbose lifecycle jaws-paris-app@0.0.1~test: PATH: /Users/sebastiennicolaidis/.npm-packages/lib/node_modules/npm/bin/node-gyp-bin:/Users/sebastiennicolaidis/node/jaws/node_modules/.bin:/usr/local/Cellar/node4-lts/4.4.4/bin:/Users/sebastiennicolaidis/miniconda3/bin:/Users/sebastiennicolaidis/.node/bin:/Users/sebastiennicolaidis/.npm-packages/bin:/Users/sebastiennicolaidis/.rbenv/bin:/Users/sebastiennicolaidis/.rbenv/shims:/usr/local/bin:/usr/bin:/bin:/usr/sbin:/sbin:/opt/X11/bin:/usr/local/git/bin
10 verbose lifecycle jaws-paris-app@0.0.1~test: CWD: /Users/sebastiennicolaidis/node/jaws
11 silly lifecycle jaws-paris-app@0.0.1~test: Args: [ '-c',
11 silly lifecycle   'mocha --compilers js:babel-core/register --require ./test/test_helper.js "test/**/*.spec.js"' ]
12 silly lifecycle jaws-paris-app@0.0.1~test: Returned: code: 1  signal: null
13 info lifecycle jaws-paris-app@0.0.1~test: Failed to exec test script
14 verbose stack Error: jaws-paris-app@0.0.1 test: `mocha --compilers js:babel-core/register --require ./test/test_helper.js "test/**/*.spec.js"`
14 verbose stack Exit status 1
14 verbose stack     at EventEmitter.<anonymous> (/Users/sebastiennicolaidis/.npm-packages/lib/node_modules/npm/lib/utils/lifecycle.js:239:16)
14 verbose stack     at emitTwo (events.js:87:13)
14 verbose stack     at EventEmitter.emit (events.js:172:7)
14 verbose stack     at ChildProcess.<anonymous> (/Users/sebastiennicolaidis/.npm-packages/lib/node_modules/npm/lib/utils/spawn.js:24:14)
14 verbose stack     at emitTwo (events.js:87:13)
14 verbose stack     at ChildProcess.emit (events.js:172:7)
14 verbose stack     at maybeClose (internal/child_process.js:827:16)
14 verbose stack     at Process.ChildProcess._handle.onexit (internal/child_process.js:211:5)
15 verbose pkgid jaws-paris-app@0.0.1
16 verbose cwd /Users/sebastiennicolaidis/node/jaws
17 error Darwin 15.5.0
18 error argv "/usr/local/Cellar/node4-lts/4.4.4/bin/node" "/Users/sebastiennicolaidis/.npm-packages/bin/npm" "run" "test"
19 error node v4.4.4
20 error npm  v3.8.1
21 error code ELIFECYCLE
22 error jaws-paris-app@0.0.1 test: `mocha --compilers js:babel-core/register --require ./test/test_helper.js "test/**/*.spec.js"`
22 error Exit status 1
23 error Failed at the jaws-paris-app@0.0.1 test script 'mocha --compilers js:babel-core/register --require ./test/test_helper.js "test/**/*.spec.js"'.
23 error Make sure you have the latest version of node.js and npm installed.
23 error If you do, this is most likely a problem with the jaws-paris-app package,
23 error not with npm itself.
23 error Tell the author that this fails on your system:
23 error     mocha --compilers js:babel-core/register --require ./test/test_helper.js "test/**/*.spec.js"
23 error You can get information on how to open an issue for this project with:
23 error     npm bugs jaws-paris-app
23 error Or if that isn't available, you can get their info via:
23 error     npm owner ls jaws-paris-app
23 error There is likely additional logging output above.
24 verbose exit [ 1, true ]
